<?xml version="1.0" encoding="UTF-8"?>
<!-- Generated by org.testng.reporters.JUnitReportReporter -->
<testsuite skipped="0" hostname="T460" name="testcases.TestCases" tests="9" failures="0" timestamp="29 Oct 2022 14:07:27 GMT" time="9.214" errors="0">
  <testcase name="searchBreedByFullName" time="3.966" classname="testcases.TestCases"/>
  <testcase name="searchBreedBySubValidFullName" time="0.724" classname="testcases.TestCases"/>
  <testcase name="searchBreedByInvalidParameter" time="0.652" classname="testcases.TestCases"/>
  <testcase name="searchBreedByInvalidParameter" time="0.650" classname="testcases.TestCases"/>
  <testcase name="searchBreedByInvalidParameter" time="0.641" classname="testcases.TestCases"/>
  <testcase name="searchBreedByInvalidParameter" time="0.678" classname="testcases.TestCases"/>
  <testcase name="searchBreedByInvalidParameter" time="0.616" classname="testcases.TestCases"/>
  <testcase name="searchBreedBySpecialCharacters" time="0.665" classname="testcases.TestCases"/>
  <testcase name="searchBreedWithoutQueryParamater" time="0.622" classname="testcases.TestCases"/>
</testsuite> <!-- testcases.TestCases -->
